tar: 从成员名中删除开头的“/”
tar: /var/lib/mysql/hilaw：无法 stat: 权限不够
tar: 由于前次错误，将以上次的错误状态退出
tar: 从成员名中删除开头的“/”
tar: /var/lib/mysql/ebook：无法 stat: 权限不够
tar: 由于前次错误，将以上次的错误状态退出
tar: 从成员名中删除开头的“/”
/home/idbord/Pictures/
/home/idbord/Pictures/Wallpapers/
/home/idbord/Pictures/Wallpapers/0adb3059218a4cbdda16232e27c45264.jpg
/home/idbord/Pictures/Wallpapers/1348626560988.jpg
/home/idbord/Pictures/1348626560988.jpg
/home/idbord/Pictures/全栈
tar: 从成员名中删除开头的“/”
tar: /var/lib/mysql/hilaw：无法 stat: 权限不够
tar: 由于前次错误，将以上次的错误状态退出
tar: 从成员名中删除开头的“/”
tar: /var/lib/mysql/ebook：无法 stat: 权限不够
tar: 由于前次错误，将以上次的错误状态退出
tar: 从成员名中删除开头的“/”
/home/idbord/Pictures/
/home/idbord/Pictures/Wallpapers/
/home/idbord/Pictures/Wallpapers/0adb3059218a4cbdda16232e27c45264.jpg
/home/idbord/Pictures/Wallpapers/1348626560988.jpg
/home/idbord/Pictures/1348626560988.jpg
/home/idbord/Pictures/全栈
tar: 从成员名中删除开头的“/”
tar: /var/lib/mysql/hilaw：无法 stat: 权限不够
tar: 由于前次错误，将以上次的错误状态退出
tar: 从成员名中删除开头的“/”
tar: /var/lib/mysql/ebook：无法 stat: 权限不够
tar: 由于前次错误，将以上次的错误状态退出
tar: 从成员名中删除开头的“/”
/home/idbord/Pictures/
/home/idbord/Pictures/Wallpapers/
/home/idbord/Pictures/Wallpapers/0adb3059218a4cbdda16232e27c45264.jpg
/home/idbord/Pictures/Wallpapers/1348626560988.jpg
/home/idbord/Pictures/1348626560988.jpg
/home/idbord/Pictures/全栈
tar: 从成员名中删除开头的“/”
tar: /var/lib/mysql/hilaw：无法 stat: 权限不够
tar: 由于前次错误，将以上次的错误状态退出
2016-04-03 14:05:35
exception:None, status_code:200, _ResponseInfo__response:<Response [200]>, text_body:{"hash":"FoX1-GDx56j6hOUBATXDMiCO3WWt","key":"mysql_hilaw_20160403.tar"}, req_id:mS0AACnaV3ZAxEEU, x_log:s.ph;s.put.tw;s.put.tr;s.put.tw;s.put.tr;s.ph;s.put.tw;s.put.tr;s.ph;PFDS;PFDS:1;PFDS:1;rs18_1.sel/not found;rdb.g/no such key;DBD/404;v4.get/Document not found;rs19_1.ups;qtbl.ups:2;mc.s;RS:2;rs.put:3;rs-upload.putFile:6;UP:7
exception:None, status_code:200, _ResponseInfo__response:<Response [200]>, text_body:{"hash":"FoX1-GDx56j6hOUBATXDMiCO3WWt","key":"mysql_ebook_20160403.tar"}, req_id:7ycAAJUIp3hAxEEU, x_log:s.ph;s.put.tw;s.put.tr;s.put.tw;s.put.tr;s.ph;s.put.tw;s.put.tr;s.ph;PFDS;PFDS;PFDS:1;rs18_8.sel/not found;rdb.g/no such key;DBD/404;v4.get/Document not found;rs19_8.ups;qtbl.ups:2;mc.s;RS:2;rs.put:3;rs-upload.putFile:6;UP:7
exception:None, status_code:200, _ResponseInfo__response:<Response [200]>, text_body:{"hash":"FlVY2-j1sTF33cim55O809DfsSGF","key":"Pictures_20160403.tar"}, req_id:Oi4AAPkOcpJAxEEU, x_log:s.ph;s.put.tw:1;s.put.tr:6;s.put.tw:1;s.put.tr:5;s.ph;s.put.tw:2;s.put.tr:3;s.ph;PFDS:13;PFDS:15;PFDS:15;rs18_5.sel/not found;rdb.g/no such key;DBD/404;v4.get/Document not found;rs19_5.ups;qtbl.ups:1;mc.s;RS:2;rs.put:3;rs-upload.putFile:20;UP:31
2016-04-03 14:05:40
exception:None, status_code:200, _ResponseInfo__response:<Response [200]>, text_body:{"hash":"Fp55Qp2jVSKPaQrhiqK1YqNPfDGs","key":"mysql_hilaw_20160403.tar"}, req_id:rmkAAFnxA8FBxEEU, x_log:s.ph;s.put.tw;s.put.tr;s.put.tw;s.put.tr;s.ph;s.put.tw;s.put.tr;s.ph;PFDS;PFDS:1;PFDS:2;rs18_1.sel/not found;rdb.g/no such key;DBD/404;v4.get/Document not found;rs19_1.ups:1;qtbl.ups:2;MQ;RS.not:;mc.s;RS:4;rs.put:5;rs-upload.putFile:8;UP:8
exception:None, status_code:200, _ResponseInfo__response:<Response [200]>, text_body:{"hash":"Fp55Qp2jVSKPaQrhiqK1YqNPfDGs","key":"mysql_ebook_20160403.tar"}, req_id:aVgAAEsXuMNBxEEU, x_log:s.ph;s.put.tw;s.put.tr;s.put.tw;s.put.tr;s.ph;s.put.tw;s.put.tr;s.ph;PFDS;PFDS:1;PFDS:1;rs18_8.sel/not found;rdb.g/no such key;DBD/404;v4.get/Document not found;rs19_8.ups;qtbl.ups:1;MQ;RS.not:;mc.s;RS:3;rs.put:4;rs-upload.putFile:6;UP:8
exception:None, status_code:200, _ResponseInfo__response:<Response [200]>, text_body:{"hash":"Fhosm8ONOGvFnU_lgvL-50udAMvh","key":"Pictures_20160403.tar"}, req_id:bQcAAAIP5OZBxEEU, x_log:s.ph;s.put.tw:1;s.put.tr:6;s.put.tw:1;s.put.tr:4;s.ph;PFDS:12;PFDS:13;rs18_5.sel/not found;rdb.g/no such key;DBD/404;v4.get/Document not found;rs19_5.ups;qtbl.ups:1;MQ;RS.not:;mc.s;RS:3;rs.put:5;rs-upload.putFile:19;UP:31
2016-04-03 14:05:46
exception:None, status_code:200, _ResponseInfo__response:<Response [200]>, text_body:{"hash":"FjFnB0oGo7eQU89ZbHRBGaqlUZ1s","key":"mysql_hilaw_20160403.tar"}, req_id:ZCYAAHVRvhVDxEEU, x_log:s.ph;s.put.tw;s.put.tr;s.put.tw;s.put.tr;s.ph;s.put.tw;s.put.tr;s.ph;PFDS;PFDS:1;PFDS:1;rs18_1.sel/not found;rdb.g/no such key;DBD/404;v4.get/Document not found;rs19_1.ups;qtbl.ups:1;MQ;RS.not:;mc.s;RS:3;rs.put:3;rs-upload.putFile:7;UP:7
exception:None, status_code:200, _ResponseInfo__response:<Response [200]>, text_body:{"hash":"FjFnB0oGo7eQU89ZbHRBGaqlUZ1s","key":"mysql_ebook_20160403.tar"}, req_id:jTUAAO_LTxhDxEEU, x_log:s.ph;s.put.tw;s.put.tr;s.put.tw;s.put.tr;s.ph;s.put.tw;s.put.tr;s.ph;PFDS;PFDS:1;PFDS:2;rs18_8.sel/not found;rdb.g/no such key;DBD/404;v4.get/Document not found;rs19_8.ups;qtbl.ups:2;MQ;RS.not:;mc.s;RS:3;rs.put:4;rs-upload.putFile:7;UP:7
exception:None, status_code:200, _ResponseInfo__response:<Response [200]>, text_body:{"hash":"FnaGmyUnf2TMP-dWXYvp6nOYtsTk","key":"Pictures_20160403.tar"}, req_id:LTsAAJBV9TtDxEEU, x_log:s.ph;s.put.tw:1;s.put.tr:10;s.put.tw:1;s.put.tr:9;s.ph;s.put.tw:1;s.put.tr:9;s.ph;PFDS:18;PFDS:19;PFDS:21;rs18_5.sel/not found;rdb.g/no such key;DBD/404;v4.get:78/Document not found;rs19_5.ups;qtbl.ups:79;MQ;RS.not:;mc.s;RS:80;rs.put:81;rs-upload.putFile:103;UP:124
2016-04-03 14:05:52
exception:None, status_code:200, _ResponseInfo__response:<Response [200]>, text_body:{"hash":"Fh2-H1eeWp4NqNggp7m2_0UeoXHe","key":"mysql_hilaw_20160403.tar"}, req_id:eCwAAO_cKtar: 从成员名中删除开头的“/”
tar: /var/lib/mysql/ebook：无法 stat: 权限不够
tar: 由于前次错误，将以上次的错误状态退出
tar: 从成员名中删除开头的“/”
/home/idbord/Pictures/
/home/idbord/Pictures/Wallpapers/
/home/idbord/Pictures/Wallpapers/0adb3059218a4cbdda16232e27c45264.jpg
/home/idbord/Pictures/Wallpapers/1348626560988.jpg
/home/idbord/Pictures/1348626560988.jpg
/home/idbord/Pictures/全栈
